<?xml version="1.0" encoding="UTF-8"?>
<!-- Generated by org.testng.reporters.JUnitReportReporter -->
<testsuite skipped="0" hostname="CDC2-D-CJJQXJ2" name="dataprovider.NewTest3" tests="2" failures="0" timestamp="05 Oct 2018 03:42:27 GMT" time="0.006" errors="0">
  <testcase name="yahooNewsTest" time="0.004" classname="dataprovider.NewTest3"/>
  <testcase name="yahooMailTest" time="0.002" classname="dataprovider.NewTest3"/>
</testsuite> <!-- dataprovider.NewTest3 -->
