<?xml version="1.0" encoding="UTF-8"?>
<!-- Generated by org.testng.reporters.JUnitReportReporter -->
<testsuite skipped="1" hostname="CDC2-D-CJJQXJ2" name="dataprovider.NewTest2" tests="2" failures="0" timestamp="05 Oct 2018 03:42:27 GMT" time="0.012" errors="0">
  <testcase name="GoogleNewsTest" time="0.012" classname="dataprovider.NewTest2"/>
  <testcase name="GoogleMailTest" classname="dataprovider.NewTest2">
    <skipped/>
  </testcase> <!-- GoogleMailTest -->
</testsuite> <!-- dataprovider.NewTest2 -->
