<?xml version="1.0" encoding="UTF-8"?>
<!-- Generated by org.testng.reporters.JUnitReportReporter -->
<testsuite skipped="0" hostname="CDC2-D-CJJQXJ2" name="testng.NewTest" tests="1" failures="0" timestamp="04 Oct 2018 05:32:55 GMT" time="60.380" errors="0">
  <testcase name="f" time="60.380" classname="testng.NewTest"/>
</testsuite> <!-- testng.NewTest -->
